app/build/outputs/logs/manifest-merger-debug-report.txt
-- Merging decision tree log ---
manifest
ADDED from AndroidManifest.xml:2:1
	package
		ADDED from AndroidManifest.xml:3:5
		INJECTED from AndroidManifest.xml:0:0
		INJECTED from AndroidManifest.xml:0:0
	android:versionName
		INJECTED from AndroidManifest.xml:0:0
		INJECTED from AndroidManifest.xml:0:0
	xmlns:android
		ADDED from AndroidManifest.xml:2:11
	android:versionCode
		INJECTED from AndroidManifest.xml:0:0
		INJECTED from AndroidManifest.xml:0:0
uses-permission#android.permission.INTERNET
ADDED from AndroidManifest.xml:4:5
	android:name
		ADDED from AndroidManifest.xml:4:22
application
ADDED from AndroidManifest.xml:5:5
MERGED from com.android.support:appcompat-v7:23.3.0:25:5
MERGED from com.android.support:support-vector-drawable:23.3.0:7:5
MERGED from com.android.support:support-v4:23.3.0:22:5
MERGED from com.android.support:animated-vector-drawable:23.3.0:7:5
MERGED from com.android.support:support-vector-drawable:23.3.0:7:5
MERGED from com.android.support:support-v4:23.3.0:22:5
MERGED from com.android.support:support-v4:23.3.0:22:5
	android:label
		ADDED from AndroidManifest.xml:8:9
	android:supportsRtl
		ADDED from AndroidManifest.xml:9:9
	android:allowBackup
		ADDED from AndroidManifest.xml:6:9
	android:icon
		ADDED from AndroidManifest.xml:7:9
	android:theme
		ADDED from AndroidManifest.xml:10:9
activity#com.example.chiruza.smartlock.Splash
ADDED from AndroidManifest.xml:11:9
	android:name
		ADDED from AndroidManifest.xml:11:19
intent-filter#android.intent.action.MAIN+android.intent.category.LAUNCHER
ADDED from AndroidManifest.xml:12:13
action#android.intent.action.MAIN
ADDED from AndroidManifest.xml:13:17
	android:name
		ADDED from AndroidManifest.xml:13:25
category#android.intent.category.LAUNCHER
ADDED from AndroidManifest.xml:15:17
	android:name
		ADDED from AndroidManifest.xml:15:27
activity#com.example.chiruza.smartlock.Login
ADDED from AndroidManifest.xml:18:9
	android:name
		ADDED from AndroidManifest.xml:18:19
activity#com.example.chiruza.smartlock.Principal
ADDED from AndroidManifest.xml:19:9
	android:name
		ADDED from AndroidManifest.xml:19:19
activity#com.example.chiruza.smartlock.Puertas
ADDED from AndroidManifest.xml:20:9
	android:name
		ADDED from AndroidManifest.xml:20:19
activity#com.example.chiruza.smartlock.Registrarse
ADDED from AndroidManifest.xml:21:9
	android:name
		ADDED from AndroidManifest.xml:21:19
uses-sdk
INJECTED from AndroidManifest.xml:0:0 reason: use-sdk injection requested
MERGED from com.android.support:appcompat-v7:23.3.0:21:5
MERGED from com.android.support:support-vector-drawable:23.3.0:5:5
MERGED from com.android.support:support-v4:23.3.0:20:5
MERGED from com.android.support:animated-vector-drawable:23.3.0:5:5
MERGED from com.android.support:support-vector-drawable:23.3.0:5:5
MERGED from com.android.support:support-v4:23.3.0:20:5
MERGED from com.android.support:support-v4:23.3.0:20:5
	tools:overrideLibrary
		ADDED from com.android.support:appcompat-v7:23.3.0:23:9
	android:targetSdkVersion
		INJECTED from AndroidManifest.xml:0:0
		INJECTED from AndroidManifest.xml:0:0
	android:minSdkVersion
		INJECTED from AndroidManifest.xml:0:0
		INJECTED from AndroidManifest.xml:0:0